  FuncNode.cpp
C:\Users\wenyu\Desktop\c-compiler\grammar\astree\RootNode.h(1,1): warning C4819: 该文件包含不能在当前代码页(936)中表示的字符。请将该文件保存为 Unicode 格式以防止数据丢失
C:\Users\wenyu\Desktop\c-compiler\grammar\astree\VarNode.h(1,1): warning C4819: 该文件包含不能在当前代码页(936)中表示的字符。请将该文件保存为 Unicode 格式以防止数据丢失
  LiteralNode.cpp
C:\Users\wenyu\Desktop\c-compiler\grammar\astree\RootNode.h(1,1): warning C4819: 该文件包含不能在当前代码页(936)中表示的字符。请将该文件保存为 Unicode 格式以防止数据丢失
  LoopNode.cpp
C:\Users\wenyu\Desktop\c-compiler\grammar\astree\LoopNode.h(1,1): warning C4819: 该文件包含不能在当前代码页(936)中表示的字符。请将该文件保存为 Unicode 格式以防止数据丢失
C:\Users\wenyu\Desktop\c-compiler\grammar\astree\RootNode.h(1,1): warning C4819: 该文件包含不能在当前代码页(936)中表示的字符。请将该文件保存为 Unicode 格式以防止数据丢失
  OperationNode.cpp
C:\Users\wenyu\Desktop\c-compiler\grammar\astree\RootNode.h(1,1): warning C4819: 该文件包含不能在当前代码页(936)中表示的字符。请将该文件保存为 Unicode 格式以防止数据丢失
C:\Users\wenyu\Desktop\c-compiler\grammar\astree\VarNode.h(1,1): warning C4819: 该文件包含不能在当前代码页(936)中表示的字符。请将该文件保存为 Unicode 格式以防止数据丢失
  RootNode.cpp
C:\Users\wenyu\Desktop\c-compiler\grammar\astree\RootNode.h(1,1): warning C4819: 该文件包含不能在当前代码页(936)中表示的字符。请将该文件保存为 Unicode 格式以防止数据丢失
C:\Users\wenyu\Desktop\c-compiler\grammar\astree\LoopNode.h(1,1): warning C4819: 该文件包含不能在当前代码页(936)中表示的字符。请将该文件保存为 Unicode 格式以防止数据丢失
C:\Users\wenyu\Desktop\c-compiler\grammar\astree\RootNode.cpp(126,10): warning C4996: 'sprintf': This function or variable may be unsafe. Consider using sprintf_s instead. To disable deprecation, use _CRT_SECURE_NO_WARNINGS. See online help for details.
  SelectNode.cpp
C:\Users\wenyu\Desktop\c-compiler\grammar\astree\RootNode.h(1,1): warning C4819: 该文件包含不能在当前代码页(936)中表示的字符。请将该文件保存为 Unicode 格式以防止数据丢失
  StmtNode.cpp
C:\Users\wenyu\Desktop\c-compiler\grammar\astree\StmtNode.h(1,1): warning C4819: 该文件包含不能在当前代码页(936)中表示的字符。请将该文件保存为 Unicode 格式以防止数据丢失
C:\Users\wenyu\Desktop\c-compiler\grammar\astree\RootNode.h(1,1): warning C4819: 该文件包含不能在当前代码页(936)中表示的字符。请将该文件保存为 Unicode 格式以防止数据丢失
  VarNode.cpp
C:\Users\wenyu\Desktop\c-compiler\grammar\astree\VarNode.h(1,1): warning C4819: 该文件包含不能在当前代码页(936)中表示的字符。请将该文件保存为 Unicode 格式以防止数据丢失
C:\Users\wenyu\Desktop\c-compiler\grammar\astree\RootNode.h(1,1): warning C4819: 该文件包含不能在当前代码页(936)中表示的字符。请将该文件保存为 Unicode 格式以防止数据丢失
  正在生成代码...
  c-compiler.vcxproj -> C:\Users\wenyu\Desktop\c-compiler\Debug\c-compiler.exe
